2023-10-27 22:15:48,868 [INFO] Activator:176 - 


2023-10-27 22:15:48,876 [INFO] Activator:177 - !SESSION log4j initialized
2023-10-27 22:15:53,886 [INFO] LogOutputStream:77 - [STDOUT_REDIRECT] 
2023-10-27 22:15:55,663 [INFO] ApplicationProperties:184 - Using Application install path: C:\ST\STM32CubeIDE_1.13.0\STM32CubeIDE\plugins\com.st.stm32cube.common.mx_6.9.0.202307051724
2023-10-27 22:15:55,687 [INFO] DbMcusXml:78 - Set database path to: C:\ST\STM32CubeIDE_1.13.0\STM32CubeIDE\plugins\com.st.stm32cube.common.mx_6.9.0.202307051724\\db\/mcu/
2023-10-27 22:15:55,688 [INFO] ApiDb:274 - Set plugin database path to: C:\ST\STM32CubeIDE_1.13.0\STM32CubeIDE\plugins\com.st.stm32cube.common.mx_6.9.0.202307051724\\db\/plugins/boardmanager/
2023-10-27 22:15:55,688 [WARN] ApiDb:259 - Overriding images path with different value:  => C:\ST\STM32CubeIDE_1.13.0\STM32CubeIDE\plugins\com.st.stm32cube.common.mx_6.9.0.202307051724\\db\/plugins/mcufinder/images/
2023-10-27 22:15:55,700 [INFO] ApiDb:250 - Set database path to: C:\Users\yakup\.stmcufinder\plugins\mcufinder//mcu/
2023-10-27 22:15:55,701 [INFO] DbMcusAds:125 - Set database path to: C:\Users\yakup\.stmcufinder\plugins\mcufinder//mcu/
2023-10-27 22:15:55,703 [INFO] CrossReferenceDbSqlite:203 - Set database path to: C:\Users\yakup\.stmcufinder\plugins\mcufinder//mcu/cs/
2023-10-27 22:15:55,852 [INFO] RulesReader:64 - Compatibility file has been processed (293 Rules)
2023-10-27 22:15:55,941 [INFO] DbMcusXml:78 - Set database path to: C:\ST\STM32CubeIDE_1.13.0\STM32CubeIDE\plugins\com.st.stm32cube.common.mx_6.9.0.202307051724\\db\/mcu/
2023-10-27 22:15:55,941 [INFO] ApiDb:274 - Set plugin database path to: C:\ST\STM32CubeIDE_1.13.0\STM32CubeIDE\plugins\com.st.stm32cube.common.mx_6.9.0.202307051724\\db\/plugins/boardmanager/
2023-10-27 22:15:55,941 [INFO] ApiDb:261 - Set plugin images path to: C:\ST\STM32CubeIDE_1.13.0\STM32CubeIDE\plugins\com.st.stm32cube.common.mx_6.9.0.202307051724\\db\/plugins/mcufinder/images/
2023-10-27 22:15:55,941 [WARN] DbFile:41 - Overriding database path with different value: C:\Users\yakup\.stmcufinder\plugins\mcufinder/ => C:\Users\yakup\.stmcufinder\plugins\mcufinder
2023-10-27 22:15:55,942 [INFO] ApiDb:250 - Set database path to: C:\Users\yakup\.stmcufinder\plugins\mcufinder//mcu/
2023-10-27 22:15:55,942 [WARN] DbFile:41 - Overriding database path with different value: C:\Users\yakup\.stmcufinder\plugins\mcufinder/ => C:\Users\yakup\.stmcufinder\plugins\mcufinder
2023-10-27 22:15:55,942 [INFO] DbMcusAds:125 - Set database path to: C:\Users\yakup\.stmcufinder\plugins\mcufinder//mcu/
2023-10-27 22:15:55,942 [WARN] DbFile:41 - Overriding database path with different value: C:\Users\yakup\.stmcufinder\plugins\mcufinder/ => C:\Users\yakup\.stmcufinder\plugins\mcufinder
2023-10-27 22:15:55,942 [WARN] DbFile:41 - Overriding database path with different value: C:\Users\yakup\.stmcufinder\plugins\mcufinder/ => C:\Users\yakup\.stmcufinder\plugins\mcufinder
2023-10-27 22:15:55,942 [INFO] CrossReferenceDbSqlite:203 - Set database path to: C:\Users\yakup\.stmcufinder\plugins\mcufinder//mcu/cs/
2023-10-27 22:15:56,078 [INFO] MainPanel:262 - HeapMemory: 268435456
2023-10-27 22:15:56,217 [INFO] DbMcusXml:78 - Set database path to: C:\ST\STM32CubeIDE_1.13.0\STM32CubeIDE\plugins\com.st.stm32cube.common.mx_6.9.0.202307051724\\db\/mcu/
2023-10-27 22:15:56,217 [INFO] ApiDb:274 - Set plugin database path to: C:\ST\STM32CubeIDE_1.13.0\STM32CubeIDE\plugins\com.st.stm32cube.common.mx_6.9.0.202307051724\\db\/plugins/boardmanager/
2023-10-27 22:15:56,217 [INFO] ApiDb:261 - Set plugin images path to: C:\ST\STM32CubeIDE_1.13.0\STM32CubeIDE\plugins\com.st.stm32cube.common.mx_6.9.0.202307051724\\db\/plugins/mcufinder/images/
2023-10-27 22:15:56,218 [WARN] DbFile:41 - Overriding database path with different value: C:\Users\yakup\.stmcufinder\plugins\mcufinder/ => C:\Users\yakup\.stmcufinder\plugins\mcufinder
2023-10-27 22:15:56,218 [INFO] ApiDb:250 - Set database path to: C:\Users\yakup\.stmcufinder\plugins\mcufinder//mcu/
2023-10-27 22:15:56,219 [WARN] DbFile:41 - Overriding database path with different value: C:\Users\yakup\.stmcufinder\plugins\mcufinder/ => C:\Users\yakup\.stmcufinder\plugins\mcufinder
2023-10-27 22:15:56,219 [INFO] DbMcusAds:125 - Set database path to: C:\Users\yakup\.stmcufinder\plugins\mcufinder//mcu/
2023-10-27 22:15:56,219 [WARN] DbFile:41 - Overriding database path with different value: C:\Users\yakup\.stmcufinder\plugins\mcufinder/ => C:\Users\yakup\.stmcufinder\plugins\mcufinder
2023-10-27 22:15:56,219 [WARN] DbFile:41 - Overriding database path with different value: C:\Users\yakup\.stmcufinder\plugins\mcufinder/ => C:\Users\yakup\.stmcufinder\plugins\mcufinder
2023-10-27 22:15:56,219 [INFO] CrossReferenceDbSqlite:203 - Set database path to: C:\Users\yakup\.stmcufinder\plugins\mcufinder//mcu/cs/
2023-10-27 22:15:56,244 [INFO] ApplicationProperties:184 - Using Application install path: C:\ST\STM32CubeIDE_1.13.0\STM32CubeIDE\plugins\com.st.stm32cube.common.mx_6.9.0.202307051724
2023-10-27 22:15:56,246 [INFO] PluginManage:196 - Search for loadable plugins [exclusion list=, ]
2023-10-27 22:15:56,247 [INFO] PluginManage:310 - Check plugin analytics
2023-10-27 22:15:56,439 [INFO] AnalyticsPlugin:253 - Accepted Software Licenses: 
2023-10-27 22:15:56,440 [INFO] AnalyticsPlugin:255 - Accepted CMSIS Pack Licenses: 
2023-10-27 22:15:56,440 [INFO] AnalyticsPlugin:257 - Accepted Firmware Licenses: 
2023-10-27 22:15:56,442 [INFO] PluginManage:359 - Loaded plugin analytics (category:tool,tabindex:-1)
2023-10-27 22:15:56,443 [INFO] PluginManage:310 - Check plugin cadmodel
2023-10-27 22:15:56,452 [INFO] CADModel:105 - Init CAD model plugin
2023-10-27 22:15:56,453 [INFO] PluginManage:359 - Loaded plugin cadmodel (category:power,tabindex:5)
2023-10-27 22:15:56,453 [INFO] PluginManage:310 - Check plugin clock
2023-10-27 22:15:56,465 [INFO] PluginManage:359 - Loaded plugin clock (category:base,tabindex:2)
2023-10-27 22:15:56,465 [INFO] PluginManage:310 - Check plugin ddr
2023-10-27 22:15:56,469 [INFO] PluginManage:359 - Loaded plugin ddr (category:tool,tabindex:6)
2023-10-27 22:15:56,469 [INFO] PluginManage:310 - Check plugin filemanager
2023-10-27 22:15:56,612 [INFO] PluginManage:359 - Loaded plugin filemanager (category:base,tabindex:10)
2023-10-27 22:15:56,612 [INFO] PluginManage:310 - Check plugin ipmanager
2023-10-27 22:15:56,621 [INFO] PluginManage:359 - Loaded plugin ipmanager (category:base,tabindex:5)
2023-10-27 22:15:56,621 [INFO] PluginManage:310 - Check plugin lpbam
2023-10-27 22:15:56,631 [INFO] PluginManage:359 - Loaded plugin lpbam (category:base,tabindex:0)
2023-10-27 22:15:56,631 [INFO] PluginManage:310 - Check plugin memorymap
2023-10-27 22:15:56,652 [INFO] PluginManage:359 - Loaded plugin memorymap (category:base,tabindex:4)
2023-10-27 22:15:56,653 [INFO] PluginManage:310 - Check plugin pinoutandconfiguration
2023-10-27 22:15:56,664 [INFO] PluginManage:359 - Loaded plugin pinoutandconfiguration (category:base,tabindex:1)
2023-10-27 22:15:56,665 [INFO] PluginManage:310 - Check plugin pinoutconfig
2023-10-27 22:15:56,787 [WARN] SupportedApi:132 - Cannot load RTOS API schema: s4s-elt-must-match.1: The content of 'definitions' must match (annotation?, (simpleType | complexType)?, (unique | key | keyref)*)). A problem was found starting at: attribute.
2023-10-27 22:15:56,977 [INFO] PluginManage:359 - Loaded plugin pinoutconfig (category:base,tabindex:0)
2023-10-27 22:15:56,977 [INFO] PluginManage:310 - Check plugin power
2023-10-27 22:15:56,991 [INFO] PluginManage:359 - Loaded plugin power (category:power,tabindex:4)
2023-10-27 22:15:56,991 [INFO] PluginManage:310 - Check plugin projectmanager
2023-10-27 22:15:57,009 [INFO] PluginManage:359 - Loaded plugin projectmanager (category:projectmanager,tabindex:3)
2023-10-27 22:15:57,009 [INFO] PluginManage:310 - Check plugin thirdparty
2023-10-27 22:15:57,169 [INFO] PluginManage:359 - Loaded plugin thirdparty (category:base,tabindex:-1)
2023-10-27 22:15:57,169 [WARN] IntegrityCheckThread:84 - waiting for thirdparty lock release [integrity check]
2023-10-27 22:15:57,169 [INFO] PluginManage:310 - Check plugin tools
2023-10-27 22:15:57,169 [INFO] IntegrityCheckThread:86 - entering critical section [integrity check]
2023-10-27 22:15:57,170 [INFO] ThirdPartyUpdaterWithRetryManager:70 - Updater plugin not ready yet. [1/15]
2023-10-27 22:15:57,172 [INFO] PluginManage:359 - Loaded plugin tools (category:base,tabindex:7)
2023-10-27 22:15:57,172 [INFO] PluginManage:310 - Check plugin tutovideos
2023-10-27 22:15:57,369 [INFO] PluginManage:359 - Loaded plugin tutovideos (category:base,tabindex:-1)
2023-10-27 22:15:57,369 [INFO] PluginManage:310 - Check plugin updater
2023-10-27 22:15:57,382 [INFO] PluginManage:359 - Loaded plugin updater (category:base,tabindex:12)
2023-10-27 22:15:57,382 [INFO] PluginManage:310 - Check plugin userauth
2023-10-27 22:15:57,387 [INFO] UserAuth:113 - Init User Auth plugin
2023-10-27 22:15:57,388 [INFO] PluginManage:359 - Loaded plugin userauth (category:base,tabindex:14)
2023-10-27 22:15:57,388 [INFO] PluginManage:283 - PluginManage : Loaded plugins [17]
2023-10-27 22:15:57,607 [INFO] PinOutPanel:1499 - setPackage(No Configuration,No Configuration)
2023-10-27 22:15:57,709 [INFO] CADModel:165 - CPN selected for project level
2023-10-27 22:15:57,710 [INFO] CADModel:114 - Register for checkConnection events
2023-10-27 22:15:57,728 [INFO] IPUIPlugin:80 - create IPUIPlugin
2023-10-27 22:15:57,729 [INFO] PluginManager:220 - loadIPPluginJar : add adc
2023-10-27 22:15:57,733 [INFO] IPUIPlugin:80 - create IPUIPlugin
2023-10-27 22:15:57,733 [INFO] PluginManager:220 - loadIPPluginJar : add aes
2023-10-27 22:15:57,736 [INFO] IPUIPlugin:80 - create IPUIPlugin
2023-10-27 22:15:57,736 [INFO] PluginManager:220 - loadIPPluginJar : add can
2023-10-27 22:15:57,737 [INFO] IPUIPlugin:80 - create IPUIPlugin
2023-10-27 22:15:57,738 [INFO] PluginManager:220 - loadIPPluginJar : add comp
2023-10-27 22:15:57,740 [INFO] IPUIPlugin:80 - create IPUIPlugin
2023-10-27 22:15:57,740 [INFO] PluginManager:220 - loadIPPluginJar : add cryp
2023-10-27 22:15:57,743 [INFO] IPUIPlugin:80 - create IPUIPlugin
2023-10-27 22:15:57,743 [INFO] PluginManager:220 - loadIPPluginJar : add dfsdm
2023-10-27 22:15:57,747 [INFO] IPUIPlugin:80 - create IPUIPlugin
2023-10-27 22:15:57,748 [INFO] PluginManager:220 - loadIPPluginJar : add dma
2023-10-27 22:15:57,750 [INFO] IPUIPlugin:80 - create IPUIPlugin
2023-10-27 22:15:57,751 [INFO] PluginManager:220 - loadIPPluginJar : add dma3
2023-10-27 22:15:57,752 [INFO] IPUIPlugin:80 - create IPUIPlugin
2023-10-27 22:15:57,753 [INFO] PluginManager:220 - loadIPPluginJar : add fatfs
2023-10-27 22:15:57,756 [INFO] IPUIPlugin:80 - create IPUIPlugin
2023-10-27 22:15:57,757 [INFO] PluginManager:220 - loadIPPluginJar : add fmc
2023-10-27 22:15:57,763 [INFO] IPUIPlugin:80 - create IPUIPlugin
2023-10-27 22:15:57,763 [INFO] PluginManager:220 - loadIPPluginJar : add freertos
2023-10-27 22:15:57,765 [INFO] IPUIPlugin:80 - create IPUIPlugin
2023-10-27 22:15:57,765 [INFO] PluginManager:220 - loadIPPluginJar : add genericplugin
2023-10-27 22:15:57,767 [INFO] IPUIPlugin:80 - create IPUIPlugin
2023-10-27 22:15:57,767 [INFO] PluginManager:220 - loadIPPluginJar : add gfxmmu
2023-10-27 22:15:57,771 [INFO] IPUIPlugin:80 - create IPUIPlugin
2023-10-27 22:15:57,772 [INFO] PluginManager:220 - loadIPPluginJar : add gic
2023-10-27 22:15:57,778 [INFO] IPUIPlugin:80 - create IPUIPlugin
2023-10-27 22:15:57,778 [INFO] PluginManager:220 - loadIPPluginJar : add gpio
2023-10-27 22:15:57,781 [INFO] IPUIPlugin:80 - create IPUIPlugin
2023-10-27 22:15:57,781 [INFO] PluginManager:220 - loadIPPluginJar : add gtzc
2023-10-27 22:15:57,783 [INFO] IPUIPlugin:80 - create IPUIPlugin
2023-10-27 22:15:57,783 [INFO] PluginManager:220 - loadIPPluginJar : add hash
2023-10-27 22:15:57,786 [INFO] IPUIPlugin:80 - create IPUIPlugin
2023-10-27 22:15:57,786 [INFO] PluginManager:220 - loadIPPluginJar : add i2c
2023-10-27 22:15:57,789 [INFO] IPUIPlugin:80 - create IPUIPlugin
2023-10-27 22:15:57,789 [INFO] PluginManager:220 - loadIPPluginJar : add i2s
2023-10-27 22:15:57,792 [INFO] IPUIPlugin:80 - create IPUIPlugin
2023-10-27 22:15:57,793 [INFO] PluginManager:220 - loadIPPluginJar : add i3c
2023-10-27 22:15:57,796 [INFO] IPUIPlugin:80 - create IPUIPlugin
2023-10-27 22:15:57,796 [INFO] PluginManager:220 - loadIPPluginJar : add ipddr
2023-10-27 22:15:57,804 [INFO] IPUIPlugin:80 - create IPUIPlugin
2023-10-27 22:15:57,804 [INFO] PluginManager:220 - loadIPPluginJar : add linkedlist
2023-10-27 22:15:57,808 [INFO] IPUIPlugin:80 - create IPUIPlugin
2023-10-27 22:15:57,808 [INFO] PluginManager:220 - loadIPPluginJar : add lorawan
2023-10-27 22:15:57,810 [INFO] IPUIPlugin:80 - create IPUIPlugin
2023-10-27 22:15:57,811 [INFO] PluginManager:220 - loadIPPluginJar : add ltdc
2023-10-27 22:15:57,816 [INFO] IPUIPlugin:80 - create IPUIPlugin
2023-10-27 22:15:57,816 [INFO] PluginManager:220 - loadIPPluginJar : add mdma
2023-10-27 22:15:57,820 [INFO] IPUIPlugin:80 - create IPUIPlugin
2023-10-27 22:15:57,820 [INFO] PluginManager:220 - loadIPPluginJar : add nvic
2023-10-27 22:15:57,824 [INFO] IPUIPlugin:80 - create IPUIPlugin
2023-10-27 22:15:57,824 [INFO] PluginManager:220 - loadIPPluginJar : add opamp
2023-10-27 22:15:57,827 [INFO] IPUIPlugin:80 - create IPUIPlugin
2023-10-27 22:15:57,828 [INFO] PluginManager:220 - loadIPPluginJar : add openamp
2023-10-27 22:15:57,831 [INFO] IPUIPlugin:80 - create IPUIPlugin
2023-10-27 22:15:57,831 [INFO] PluginManager:220 - loadIPPluginJar : add pdm2pcm
2023-10-27 22:15:57,837 [INFO] IPUIPlugin:80 - create IPUIPlugin
2023-10-27 22:15:57,839 [INFO] PluginManager:220 - loadIPPluginJar : add plateformsettings
2023-10-27 22:15:57,841 [INFO] IPUIPlugin:80 - create IPUIPlugin
2023-10-27 22:15:57,841 [INFO] PluginManager:220 - loadIPPluginJar : add quadspi
2023-10-27 22:15:57,847 [INFO] IPUIPlugin:80 - create IPUIPlugin
2023-10-27 22:15:57,847 [INFO] PluginManager:220 - loadIPPluginJar : add resmgrutility
2023-10-27 22:15:57,850 [INFO] IPUIPlugin:80 - create IPUIPlugin
2023-10-27 22:15:57,850 [INFO] PluginManager:220 - loadIPPluginJar : add sai
2023-10-27 22:15:57,853 [INFO] IPUIPlugin:80 - create IPUIPlugin
2023-10-27 22:15:57,853 [INFO] PluginManager:220 - loadIPPluginJar : add spi
2023-10-27 22:15:57,858 [INFO] IPUIPlugin:80 - create IPUIPlugin
2023-10-27 22:15:57,858 [INFO] PluginManager:220 - loadIPPluginJar : add stm32_wpan
2023-10-27 22:15:57,860 [INFO] IPUIPlugin:80 - create IPUIPlugin
2023-10-27 22:15:57,860 [INFO] PluginManager:220 - loadIPPluginJar : add tim
2023-10-27 22:15:57,863 [INFO] IPUIPlugin:80 - create IPUIPlugin
2023-10-27 22:15:57,863 [INFO] PluginManager:220 - loadIPPluginJar : add touchsensing
2023-10-27 22:15:57,865 [INFO] IPUIPlugin:80 - create IPUIPlugin
2023-10-27 22:15:57,865 [INFO] PluginManager:220 - loadIPPluginJar : add tracer_emb
2023-10-27 22:15:57,868 [INFO] IPUIPlugin:80 - create IPUIPlugin
2023-10-27 22:15:57,868 [INFO] PluginManager:220 - loadIPPluginJar : add ts
2023-10-27 22:15:57,870 [INFO] IPUIPlugin:80 - create IPUIPlugin
2023-10-27 22:15:57,870 [INFO] PluginManager:220 - loadIPPluginJar : add tsc
2023-10-27 22:15:57,872 [INFO] IPUIPlugin:80 - create IPUIPlugin
2023-10-27 22:15:57,872 [INFO] PluginManager:220 - loadIPPluginJar : add ucpd
2023-10-27 22:15:57,875 [INFO] IPUIPlugin:80 - create IPUIPlugin
2023-10-27 22:15:57,875 [INFO] PluginManager:220 - loadIPPluginJar : add usart
2023-10-27 22:15:57,878 [INFO] IPUIPlugin:80 - create IPUIPlugin
2023-10-27 22:15:57,878 [INFO] PluginManager:220 - loadIPPluginJar : add usbx
2023-10-27 22:15:57,994 [INFO] CADModel:165 - CPN selected for project level
2023-10-27 22:15:57,994 [INFO] CADModel:114 - Register for checkConnection events
2023-10-27 22:15:57,994 [FATAL] Updater:308 - Updater called before beeing initialized
2023-10-27 22:15:57,994 [ERROR] CADModel:125 - Updater not yet initialized, retry later 
2023-10-27 22:15:58,142 [INFO] CADModel:165 - CPN selected for project level
2023-10-27 22:15:58,142 [INFO] CADModel:114 - Register for checkConnection events
2023-10-27 22:15:58,142 [FATAL] Updater:308 - Updater called before beeing initialized
2023-10-27 22:15:58,142 [ERROR] CADModel:125 - Updater not yet initialized, retry later 
2023-10-27 22:15:58,145 [FATAL] Updater:308 - Updater called before beeing initialized
2023-10-27 22:15:58,251 [FATAL] Updater:308 - Updater called before beeing initialized
2023-10-27 22:15:58,261 [INFO] DbMcusAds:53 - JSON generation date=Tue Mar 07 11:50:55 TRT 2023 (1678179055114)
2023-10-27 22:15:58,261 [FATAL] Updater:308 - Updater called before beeing initialized
2023-10-27 22:15:58,302 [WARN] DetailPanel:346 - Failed to get advertising image, set to default
2023-10-27 22:15:58,403 [FATAL] Updater:308 - Updater called before beeing initialized
2023-10-27 22:15:58,405 [FATAL] Updater:308 - Updater called before beeing initialized
2023-10-27 22:15:58,405 [FATAL] Updater:308 - Updater called before beeing initialized
2023-10-27 22:15:58,405 [WARN] DetailPanel:346 - Failed to get advertising image, set to default
2023-10-27 22:15:58,406 [FATAL] Updater:308 - Updater called before beeing initialized
2023-10-27 22:15:58,459 [ERROR] Updater:1120 - MainUpdater not yet initialized. External WinMGr cannot be set.
2023-10-27 22:15:58,461 [INFO] Updater:1056 - Updater Version found : 6.9.0
2023-10-27 22:15:58,490 [INFO] ApplicationProperties:184 - Using Application install path: C:\ST\STM32CubeIDE_1.13.0\STM32CubeIDE\plugins\com.st.stm32cube.common.mx_6.9.0.202307051724
2023-10-27 22:15:58,757 [ERROR] ServerAccessManage:1146 - Warning during Server Connection :  Unknown host sw-center.st.com
2023-10-27 22:15:58,761 [INFO] MainUpdater:2868 - connection check result : 22
2023-10-27 22:15:58,762 [INFO] MainUpdater:285 - Updater Check For Update Now.
2023-10-27 22:15:58,762 [INFO] MicroXplorer:498 - Change Database Version : DB.6.0.90
2023-10-27 22:15:58,769 [INFO] McuFinderGlobals:63 - Set McuFinder mode to 2 (CubeIDE integrated)
2023-10-27 22:15:58,963 [INFO] CheckServerUpdateThread:120 - End of CheckServer Thread
2023-10-27 22:15:59,097 [ERROR] LogOutputStream:75 - [STDERR_REDIRECT] Oct 27, 2023 10:15:59 PM org.glassfish.grizzly.http.server.NetworkListener start
2023-10-27 22:15:59,098 [ERROR] LogOutputStream:75 - [STDERR_REDIRECT] INFO: Started listener bound to [localhost:1597]
2023-10-27 22:15:59,098 [ERROR] LogOutputStream:75 - [STDERR_REDIRECT] 
2023-10-27 22:15:59,100 [ERROR] LogOutputStream:75 - [STDERR_REDIRECT] Oct 27, 2023 10:15:59 PM org.glassfish.grizzly.http.server.HttpServer start
2023-10-27 22:15:59,100 [ERROR] LogOutputStream:75 - [STDERR_REDIRECT] INFO: [HttpServer] Started.
2023-10-27 22:15:59,100 [ERROR] LogOutputStream:75 - [STDERR_REDIRECT] 
2023-10-27 22:16:00,314 [WARN] PackLoader:240 - Cannot read IP mode file for STMicroelectronics.X-CUBE-SMBUS.2.1.0
2023-10-27 22:16:00,359 [WARN] PackLoader:240 - Cannot read IP mode file for STMicroelectronics.X-CUBE-AZRTOS-F7.1.1.0
2023-10-27 22:16:00,374 [WARN] PackLoader:240 - Cannot read IP mode file for STMicroelectronics.FP-SNS-MOTENV1.4.3.2
2023-10-27 22:16:00,390 [WARN] PackLoader:240 - Cannot read IP mode file for STMicroelectronics.FP-SNS-FLIGHT1.5.0.1
2023-10-27 22:16:00,404 [WARN] PackLoader:240 - Cannot read IP mode file for STMicroelectronics.X-CUBE-BLE1.6.2.4
2023-10-27 22:16:00,414 [WARN] PackLoader:240 - Cannot read IP mode file for STMicroelectronics.FP-SNS-FLIGHT1.5.0.2
2023-10-27 22:16:00,427 [WARN] PackLoader:240 - Cannot read IP mode file for STMicroelectronics.X-CUBE-DISPLAY.3.0.0
2023-10-27 22:16:00,451 [WARN] PackLoader:240 - Cannot read IP mode file for STMicroelectronics.X-CUBE-BLE1.7.0.0
2023-10-27 22:16:00,462 [WARN] PackLoader:240 - Cannot read IP mode file for emotas.I-CUBE-CANOPEN.1.3.0
2023-10-27 22:16:00,475 [WARN] PackLoader:240 - Cannot read IP mode file for STMicroelectronics.X-CUBE-TOUCHGFX.4.22.0
2023-10-27 22:16:00,489 [WARN] PackLoader:240 - Cannot read IP mode file for STMicroelectronics.FP-SNS-SMARTAG2.1.2.0
2023-10-27 22:16:00,506 [INFO] LogOutputStream:77 - [STDOUT_REDIRECT] 1 : Invalid condition id : UX_CORESTACK_Condition cause : null
2023-10-27 22:16:00,506 [INFO] LogOutputStream:77 - [STDOUT_REDIRECT] 1 : Invalid condition id : UX_CORESTACK_Condition cause : null
2023-10-27 22:16:00,507 [INFO] LogOutputStream:77 - [STDOUT_REDIRECT] 1 : Invalid condition id : UX_CORESTACK_Condition cause : null
2023-10-27 22:16:00,508 [INFO] LogOutputStream:77 - [STDOUT_REDIRECT] 1 : Invalid condition id : UX_CORESTACK_Condition cause : null
2023-10-27 22:16:00,515 [INFO] LogOutputStream:77 - [STDOUT_REDIRECT] 1 : Invalid condition id : UX_CORESTACK_Condition cause : null
2023-10-27 22:16:00,519 [WARN] PackLoader:240 - Cannot read IP mode file for STMicroelectronics.X-CUBE-AZRTOS-WL.2.0.0
2023-10-27 22:16:00,536 [WARN] PackLoader:240 - Cannot read IP mode file for WES.I-CUBE-Cesium.1.3.0
2023-10-27 22:16:00,546 [WARN] PackLoader:240 - Cannot read IP mode file for STMicroelectronics.X-CUBE-BLE2.3.3.0
2023-10-27 22:16:00,560 [WARN] PackLoader:240 - Cannot read IP mode file for STMicroelectronics.X-CUBE-ALGOBUILD.1.3.0
2023-10-27 22:16:00,588 [WARN] PackLoader:240 - Cannot read IP mode file for STMicroelectronics.X-CUBE-AZRTOS-G0.1.1.0
2023-10-27 22:16:00,603 [WARN] PackLoader:240 - Cannot read IP mode file for STMicroelectronics.X-CUBE-NFC4.3.0.0
2023-10-27 22:16:00,614 [WARN] PackLoader:240 - Cannot read IP mode file for STMicroelectronics.FP-ATR-SIGFOX1.3.2.0
2023-10-27 22:16:00,647 [WARN] PackLoader:240 - Cannot read IP mode file for SEGGER.I-CUBE-embOS.1.3.1
2023-10-27 22:16:00,688 [WARN] PackLoader:240 - Cannot read IP mode file for STMicroelectronics.X-CUBE-GNSS1.6.0.0
2023-10-27 22:16:00,713 [WARN] PackLoader:240 - Cannot read IP mode file for STMicroelectronics.X-CUBE-AZRTOS-F4.1.1.0
2023-10-27 22:16:00,727 [WARN] PackLoader:240 - Cannot read IP mode file for wolfSSL.I-CUBE-wolfSSL.5.6.3
2023-10-27 22:16:00,754 [WARN] PackLoader:240 - Cannot read IP mode file for STMicroelectronics.X-CUBE-AZRTOS-L5.2.0.0
2023-10-27 22:16:00,799 [WARN] PackLoader:240 - Cannot read IP mode file for STMicroelectronics.X-CUBE-MEMS1.9.6.0
2023-10-27 22:16:00,950 [WARN] PackLoader:240 - Cannot read IP mode file for STMicroelectronics.X-CUBE-BLEMGR.2.0.0
2023-10-27 22:16:00,975 [WARN] ConditionMgr:438 - getConditionDescription Invalid condition id : UX DEVICE CLASS RTOS Condition cause : null
2023-10-27 22:16:00,975 [WARN] ConditionMgr:438 - getConditionDescription Invalid condition id : UX DEVICE CLASS RTOS Condition cause : null
2023-10-27 22:16:00,977 [WARN] PackLoader:240 - Cannot read IP mode file for STMicroelectronics.X-CUBE-AZRTOS-H7.3.1.0
2023-10-27 22:16:00,978 [WARN] ConditionMgr:1039 - genDependencies : Invalid condition id : UX DEVICE CLASS RTOS Condition cause : null
2023-10-27 22:16:00,978 [WARN] ConditionMgr:1039 - genDependencies : Invalid condition id : UX DEVICE CLASS RTOS Condition cause : null
2023-10-27 22:16:00,979 [WARN] ConditionMgr:1039 - genDependencies : Invalid condition id : UX DEVICE CLASS RTOS Condition cause : null
2023-10-27 22:16:00,979 [WARN] ConditionMgr:1039 - genDependencies : Invalid condition id : UX DEVICE CLASS RTOS Condition cause : null
2023-10-27 22:16:00,979 [WARN] ConditionMgr:1039 - genDependencies : Invalid condition id : UX DEVICE CLASS RTOS Condition cause : null
2023-10-27 22:16:00,989 [WARN] PackLoader:240 - Cannot read IP mode file for STMicroelectronics.X-CUBE-NFC7.1.0.1
2023-10-27 22:16:01,001 [WARN] PackLoader:240 - Cannot read IP mode file for STMicroelectronics.X-CUBE-NFC6.3.0.0
2023-10-27 22:16:01,014 [WARN] PackLoader:240 - Cannot read IP mode file for STMicroelectronics.X-CUBE-EEPRMA1.4.1.0
2023-10-27 22:16:01,024 [WARN] PackLoader:240 - Cannot read IP mode file for STMicroelectronics.X-CUBE-AI.8.1.0
2023-10-27 22:16:01,050 [WARN] ConditionMgr:438 - getConditionDescription Invalid condition id : LAN8742 Phy interface Condition cause : null
2023-10-27 22:16:01,051 [WARN] PackLoader:240 - Cannot read IP mode file for STMicroelectronics.X-CUBE-AZRTOS-L4.2.0.0
2023-10-27 22:16:01,052 [WARN] ConditionMgr:1039 - genDependencies : Invalid condition id : LAN8742 Phy interface Condition cause : null
2023-10-27 22:16:01,052 [WARN] ConditionMgr:1039 - genDependencies : Invalid condition id : LAN8742 Phy interface Condition cause : null
2023-10-27 22:16:01,052 [WARN] ConditionMgr:1039 - genDependencies : Invalid condition id : LAN8742 Phy interface Condition cause : null
2023-10-27 22:16:01,064 [WARN] PackLoader:240 - Cannot read IP mode file for STMicroelectronics.X-CUBE-SFXS2LP1.4.0.0
2023-10-27 22:16:01,074 [WARN] PackLoader:240 - Cannot read IP mode file for STMicroelectronics.X-CUBE-ISPU.1.1.0
2023-10-27 22:16:01,099 [WARN] ConditionMgr:438 - getConditionDescription Invalid condition id : UX DEVICE CLASS RTOS Condition cause : null
2023-10-27 22:16:01,099 [WARN] ConditionMgr:438 - getConditionDescription Invalid condition id : UX DEVICE CLASS RTOS Condition cause : null
2023-10-27 22:16:01,101 [WARN] PackLoader:240 - Cannot read IP mode file for STMicroelectronics.X-CUBE-AZRTOS-WB.2.0.0
2023-10-27 22:16:01,101 [WARN] ConditionMgr:1039 - genDependencies : Invalid condition id : UX DEVICE CLASS RTOS Condition cause : null
2023-10-27 22:16:01,101 [WARN] ConditionMgr:1039 - genDependencies : Invalid condition id : UX DEVICE CLASS RTOS Condition cause : null
2023-10-27 22:16:01,102 [WARN] ConditionMgr:1039 - genDependencies : Invalid condition id : UX DEVICE CLASS RTOS Condition cause : null
2023-10-27 22:16:01,102 [WARN] ConditionMgr:1039 - genDependencies : Invalid condition id : UX DEVICE CLASS RTOS Condition cause : null
2023-10-27 22:16:01,102 [WARN] ConditionMgr:1039 - genDependencies : Invalid condition id : UX DEVICE CLASS RTOS Condition cause : null
2023-10-27 22:16:01,112 [WARN] PackLoader:240 - Cannot read IP mode file for STMicroelectronics.X-CUBE-FREERTOS.1.0.1
2023-10-27 22:16:01,138 [WARN] PackLoader:240 - Cannot read IP mode file for STMicroelectronics.X-CUBE-AZRTOS-L5.1.1.0
2023-10-27 22:16:01,147 [WARN] PackLoader:240 - Cannot read IP mode file for STMicroelectronics.X-CUBE-AI.8.0.1
2023-10-27 22:16:01,165 [WARN] PackLoader:240 - Cannot read IP mode file for STMicroelectronics.X-CUBE-SUBG2.5.0.0
2023-10-27 22:16:01,186 [WARN] PackLoader:240 - Cannot read IP mode file for STMicroelectronics.X-CUBE-TOF1.3.3.1
2023-10-27 22:16:01,213 [WARN] PackLoader:240 - Cannot read IP mode file for STMicroelectronics.X-CUBE-AZRTOS-G4.2.0.0
2023-10-27 22:16:01,231 [WARN] PackLoader:240 - Cannot read IP mode file for STMicroelectronics.X-CUBE-TOF1.3.3.0
2023-10-27 22:16:01,247 [WARN] PackLoader:240 - Cannot read IP mode file for STMicroelectronics.X-CUBE-FREERTOS.1.1.0
2023-10-27 22:16:01,259 [WARN] PackLoader:240 - Cannot read IP mode file for portGmbH.I-Cube-SoM-uGOAL.1.1.0
2023-10-27 22:16:01,270 [WARN] PackLoader:240 - Cannot read IP mode file for STMicroelectronics.X-CUBE-ALS.1.0.1
2023-10-27 22:16:01,288 [WARN] PackLoader:240 - Cannot read IP mode file for STMicroelectronics.X-CUBE-AZRTOS-WB.1.1.0
2023-10-27 22:16:01,299 [WARN] PackLoader:240 - Cannot read IP mode file for STMicroelectronics.FP-ATR-ASTRA1.2.0.0
2023-10-27 22:16:01,300 [INFO] ThirdParty:978 - Integrity check success = true
2023-10-27 22:16:01,300 [INFO] IntegrityCheckThread:100 - exiting critical section [integrity check]
2023-10-27 22:16:01,300 [INFO] IntegrityCheckThread:103 - End integrity checks thread
2023-10-27 22:49:51,450 [ERROR] LogOutputStream:75 - [STDERR_REDIRECT] 
